params = [-0.42501264 -0.58253985 -1.69242264 -2.1929866   0.13932816  0.31388793
  0.15285687  0.10933013  0.08600884  0.85332607  0.25974358  2.51674153
 -2.4567572   6.50110786]; convergence = 0.06744375546486671
params = [-0.73098689 -0.42082687 -1.64843058 -1.85408841  0.40353238  0.27325853
  0.16828233  0.48454135  0.10234386  0.7785963   0.22432045  2.96584888
 -1.99759968  1.6434837 ]; convergence = 0.0512814859385159
params = [-0.73098689 -0.42082687 -1.64843058 -1.85408841  0.40353238  0.27325853
  0.16828233  0.48454135  0.10234386  0.7785963   0.22432045  2.96584888
 -1.99759968  1.6434837 ]; convergence = 0.04000723417437417
params = [-0.73098689 -0.42082687 -1.64843058 -1.85408841  0.40353238  0.27325853
  0.16828233  0.48454135  0.10234386  0.7785963   0.22432045  2.96584888
 -1.99759968  1.6434837 ]; convergence = 0.036782663227095724
params = [-0.73098689 -0.42082687 -1.64843058 -1.85408841  0.40353238  0.27325853
  0.16828233  0.48454135  0.10234386  0.7785963   0.22432045  2.96584888
 -1.99759968  1.6434837 ]; convergence = 0.03444734594202976
params = [-0.59627589 -0.88761326 -2.014321   -1.86565133  0.1218578   0.19871013
  0.34428069  0.28638777  0.19787792  0.59218007  0.36462956  3.08291402
 -1.71436912  2.1873345 ]; convergence = 0.030705719291640416
params = [-0.59627589 -0.88761326 -2.014321   -1.86565133  0.1218578   0.19871013
  0.34428069  0.28638777  0.19787792  0.59218007  0.36462956  3.08291402
 -1.71436912  2.1873345 ]; convergence = 0.029269904812335212
params = [-0.59627589 -0.88761326 -2.014321   -1.86565133  0.1218578   0.19871013
  0.34428069  0.28638777  0.19787792  0.59218007  0.36462956  3.08291402
 -1.71436912  2.1873345 ]; convergence = 0.026856354905410648
params = [-0.59627589 -0.88761326 -2.014321   -1.86565133  0.1218578   0.19871013
  0.34428069  0.28638777  0.19787792  0.59218007  0.36462956  3.08291402
 -1.71436912  2.1873345 ]; convergence = 0.02505464501269984
params = [-0.59627589 -0.88761326 -2.014321   -1.86565133  0.1218578   0.19871013
  0.34428069  0.28638777  0.19787792  0.59218007  0.36462956  3.08291402
 -1.71436912  2.1873345 ]; convergence = 0.023423934566100032
params = [-0.59627589 -0.88761326 -2.014321   -1.86565133  0.1218578   0.19871013
  0.34428069  0.28638777  0.19787792  0.59218007  0.36462956  3.08291402
 -1.71436912  2.1873345 ]; convergence = 0.022516955844413
params = [-0.57496469 -0.53072593 -1.55296262 -1.83919641  0.16968515  0.11087585
  0.40989053  0.20554433  0.16582815  0.66838412  1.30854683  3.53735298
 -1.68228604  1.89121554]; convergence = 0.020834659715145976
params = [-0.57496469 -0.53072593 -1.55296262 -1.83919641  0.16968515  0.11087585
  0.40989053  0.20554433  0.16582815  0.66838412  1.30854683  3.53735298
 -1.68228604  1.89121554]; convergence = 0.02030684280249453
params = [-0.57496469 -0.53072593 -1.55296262 -1.83919641  0.16968515  0.11087585
  0.40989053  0.20554433  0.16582815  0.66838412  1.30854683  3.53735298
 -1.68228604  1.89121554]; convergence = 0.020059401652298678
params = [-0.57496469 -0.53072593 -1.55296262 -1.83919641  0.16968515  0.11087585
  0.40989053  0.20554433  0.16582815  0.66838412  1.30854683  3.53735298
 -1.68228604  1.89121554]; convergence = 0.019598400760104315
params = [-0.57496469 -0.53072593 -1.55296262 -1.83919641  0.16968515  0.11087585
  0.40989053  0.20554433  0.16582815  0.66838412  1.30854683  3.53735298
 -1.68228604  1.89121554]; convergence = 0.019109410914131722
params = [-0.57496469 -0.53072593 -1.55296262 -1.83919641  0.16968515  0.11087585
  0.40989053  0.20554433  0.16582815  0.66838412  1.30854683  3.53735298
 -1.68228604  1.89121554]; convergence = 0.018237609543649187
params = [-0.57496469 -0.53072593 -1.55296262 -1.83919641  0.16968515  0.11087585
  0.40989053  0.20554433  0.16582815  0.66838412  1.30854683  3.53735298
 -1.68228604  1.89121554]; convergence = 0.018086279779807497
params = [-0.57496469 -0.53072593 -1.55296262 -1.83919641  0.16968515  0.11087585
  0.40989053  0.20554433  0.16582815  0.66838412  1.30854683  3.53735298
 -1.68228604  1.89121554]; convergence = 0.01797598643385184
params = [-0.57496469 -0.53072593 -1.55296262 -1.83919641  0.16968515  0.11087585
  0.40989053  0.20554433  0.16582815  0.66838412  1.30854683  3.53735298
 -1.68228604  1.89121554]; convergence = 0.01764426805445549
params = [-0.57496469 -0.53072593 -1.55296262 -1.83919641  0.16968515  0.11087585
  0.40989053  0.20554433  0.16582815  0.66838412  1.30854683  3.53735298
 -1.68228604  1.89121554]; convergence = 0.01744324160292276
params = [-0.57496469 -0.53072593 -1.55296262 -1.83919641  0.16968515  0.11087585
  0.40989053  0.20554433  0.16582815  0.66838412  1.30854683  3.53735298
 -1.68228604  1.89121554]; convergence = 0.017286966203542004
params = [-0.57496469 -0.53072593 -1.55296262 -1.83919641  0.16968515  0.11087585
  0.40989053  0.20554433  0.16582815  0.66838412  1.30854683  3.53735298
 -1.68228604  1.89121554]; convergence = 0.01668541983399062
params = [-0.57496469 -0.53072593 -1.55296262 -1.83919641  0.16968515  0.11087585
  0.40989053  0.20554433  0.16582815  0.66838412  1.30854683  3.53735298
 -1.68228604  1.89121554]; convergence = 0.016593885434311374
params = [-0.57496469 -0.53072593 -1.55296262 -1.83919641  0.16968515  0.11087585
  0.40989053  0.20554433  0.16582815  0.66838412  1.30854683  3.53735298
 -1.68228604  1.89121554]; convergence = 0.01654303481033269
params = [-0.57496469 -0.53072593 -1.55296262 -1.83919641  0.16968515  0.11087585
  0.40989053  0.20554433  0.16582815  0.66838412  1.30854683  3.53735298
 -1.68228604  1.89121554]; convergence = 0.015889192064859652
params = [-0.57496469 -0.53072593 -1.55296262 -1.83919641  0.16968515  0.11087585
  0.40989053  0.20554433  0.16582815  0.66838412  1.30854683  3.53735298
 -1.68228604  1.89121554]; convergence = 0.015628677648828568
params = [-0.57496469 -0.53072593 -1.55296262 -1.83919641  0.16968515  0.11087585
  0.40989053  0.20554433  0.16582815  0.66838412  1.30854683  3.53735298
 -1.68228604  1.89121554]; convergence = 0.0155245571268321
params = [-0.57496469 -0.53072593 -1.55296262 -1.83919641  0.16968515  0.11087585
  0.40989053  0.20554433  0.16582815  0.66838412  1.30854683  3.53735298
 -1.68228604  1.89121554]; convergence = 0.014986966769537991
params = [-0.57496469 -0.53072593 -1.55296262 -1.83919641  0.16968515  0.11087585
  0.40989053  0.20554433  0.16582815  0.66838412  1.30854683  3.53735298
 -1.68228604  1.89121554]; convergence = 0.014800984925340934
params = [-0.57496469 -0.53072593 -1.55296262 -1.83919641  0.16968515  0.11087585
  0.40989053  0.20554433  0.16582815  0.66838412  1.30854683  3.53735298
 -1.68228604  1.89121554]; convergence = 0.014650793911154897
params = [-0.57496469 -0.53072593 -1.55296262 -1.83919641  0.16968515  0.11087585
  0.40989053  0.20554433  0.16582815  0.66838412  1.30854683  3.53735298
 -1.68228604  1.89121554]; convergence = 0.014428887808131566
params = [-0.94209612 -0.60991611 -1.83050304 -1.86959833  0.19861204  0.23845201
  0.3876259   0.25169525  0.16064255  0.62429496  1.81064038  2.72728617
 -1.99142156  2.25271611]; convergence = 0.014017310411195662
params = [-0.94209612 -0.60991611 -1.83050304 -1.86959833  0.19861204  0.23845201
  0.3876259   0.25169525  0.16064255  0.62429496  1.81064038  2.72728617
 -1.99142156  2.25271611]; convergence = 0.013987021940668204
params = [-0.94209612 -0.60991611 -1.83050304 -1.86959833  0.19861204  0.23845201
  0.3876259   0.25169525  0.16064255  0.62429496  1.81064038  2.72728617
 -1.99142156  2.25271611]; convergence = 0.013835281446193328
params = [-0.94209612 -0.60991611 -1.83050304 -1.86959833  0.19861204  0.23845201
  0.3876259   0.25169525  0.16064255  0.62429496  1.81064038  2.72728617
 -1.99142156  2.25271611]; convergence = 0.013696195884630879
params = [-0.94209612 -0.60991611 -1.83050304 -1.86959833  0.19861204  0.23845201
  0.3876259   0.25169525  0.16064255  0.62429496  1.81064038  2.72728617
 -1.99142156  2.25271611]; convergence = 0.013615746552832453
params = [-0.94209612 -0.60991611 -1.83050304 -1.86959833  0.19861204  0.23845201
  0.3876259   0.25169525  0.16064255  0.62429496  1.81064038  2.72728617
 -1.99142156  2.25271611]; convergence = 0.013314489192241374
params = [-0.94209612 -0.60991611 -1.83050304 -1.86959833  0.19861204  0.23845201
  0.3876259   0.25169525  0.16064255  0.62429496  1.81064038  2.72728617
 -1.99142156  2.25271611]; convergence = 0.013254123829144353
params = [-0.94209612 -0.60991611 -1.83050304 -1.86959833  0.19861204  0.23845201
  0.3876259   0.25169525  0.16064255  0.62429496  1.81064038  2.72728617
 -1.99142156  2.25271611]; convergence = 0.01297453629240089
params = [-0.94209612 -0.60991611 -1.83050304 -1.86959833  0.19861204  0.23845201
  0.3876259   0.25169525  0.16064255  0.62429496  1.81064038  2.72728617
 -1.99142156  2.25271611]; convergence = 0.012855537785353604
params = [-0.94209612 -0.60991611 -1.83050304 -1.86959833  0.19861204  0.23845201
  0.3876259   0.25169525  0.16064255  0.62429496  1.81064038  2.72728617
 -1.99142156  2.25271611]; convergence = 0.01276308776624194
params = [-0.94209612 -0.60991611 -1.83050304 -1.86959833  0.19861204  0.23845201
  0.3876259   0.25169525  0.16064255  0.62429496  1.81064038  2.72728617
 -1.99142156  2.25271611]; convergence = 0.012743023572625354
params = [-0.94209612 -0.60991611 -1.83050304 -1.86959833  0.19861204  0.23845201
  0.3876259   0.25169525  0.16064255  0.62429496  1.81064038  2.72728617
 -1.99142156  2.25271611]; convergence = 0.012552963778942803
params = [-0.94209612 -0.60991611 -1.83050304 -1.86959833  0.19861204  0.23845201
  0.3876259   0.25169525  0.16064255  0.62429496  1.81064038  2.72728617
 -1.99142156  2.25271611]; convergence = 0.012533430700314614
params = [-0.94209612 -0.60991611 -1.83050304 -1.86959833  0.19861204  0.23845201
  0.3876259   0.25169525  0.16064255  0.62429496  1.81064038  2.72728617
 -1.99142156  2.25271611]; convergence = 0.012233681807221454
params = [-0.94209612 -0.60991611 -1.83050304 -1.86959833  0.19861204  0.23845201
  0.3876259   0.25169525  0.16064255  0.62429496  1.81064038  2.72728617
 -1.99142156  2.25271611]; convergence = 0.01210406128898558
params = [-0.94209612 -0.60991611 -1.83050304 -1.86959833  0.19861204  0.23845201
  0.3876259   0.25169525  0.16064255  0.62429496  1.81064038  2.72728617
 -1.99142156  2.25271611]; convergence = 0.011959767961876547
params = [-0.94209612 -0.60991611 -1.83050304 -1.86959833  0.19861204  0.23845201
  0.3876259   0.25169525  0.16064255  0.62429496  1.81064038  2.72728617
 -1.99142156  2.25271611]; convergence = 0.011846704734124377
params = [-0.94209612 -0.60991611 -1.83050304 -1.86959833  0.19861204  0.23845201
  0.3876259   0.25169525  0.16064255  0.62429496  1.81064038  2.72728617
 -1.99142156  2.25271611]; convergence = 0.011758862897687192
params = [-0.94209612 -0.60991611 -1.83050304 -1.86959833  0.19861204  0.23845201
  0.3876259   0.25169525  0.16064255  0.62429496  1.81064038  2.72728617
 -1.99142156  2.25271611]; convergence = 0.011743924670674142
params = [-0.94209612 -0.60991611 -1.83050304 -1.86959833  0.19861204  0.23845201
  0.3876259   0.25169525  0.16064255  0.62429496  1.81064038  2.72728617
 -1.99142156  2.25271611]; convergence = 0.011645998457422212
params = [-0.94209612 -0.60991611 -1.83050304 -1.86959833  0.19861204  0.23845201
  0.3876259   0.25169525  0.16064255  0.62429496  1.81064038  2.72728617
 -1.99142156  2.25271611]; convergence = 0.01161322200746749
params = [-0.94209612 -0.60991611 -1.83050304 -1.86959833  0.19861204  0.23845201
  0.3876259   0.25169525  0.16064255  0.62429496  1.81064038  2.72728617
 -1.99142156  2.25271611]; convergence = 0.01140795247511721
params = [-0.94209612 -0.60991611 -1.83050304 -1.86959833  0.19861204  0.23845201
  0.3876259   0.25169525  0.16064255  0.62429496  1.81064038  2.72728617
 -1.99142156  2.25271611]; convergence = 0.011336589413071758
params = [-0.94209612 -0.60991611 -1.83050304 -1.86959833  0.19861204  0.23845201
  0.3876259   0.25169525  0.16064255  0.62429496  1.81064038  2.72728617
 -1.99142156  2.25271611]; convergence = 0.011339809759316187
params = [-0.94209612 -0.60991611 -1.83050304 -1.86959833  0.19861204  0.23845201
  0.3876259   0.25169525  0.16064255  0.62429496  1.81064038  2.72728617
 -1.99142156  2.25271611]; convergence = 0.011283108541152755
params = [-0.94209612 -0.60991611 -1.83050304 -1.86959833  0.19861204  0.23845201
  0.3876259   0.25169525  0.16064255  0.62429496  1.81064038  2.72728617
 -1.99142156  2.25271611]; convergence = 0.011246734177021652
params = [-0.94209612 -0.60991611 -1.83050304 -1.86959833  0.19861204  0.23845201
  0.3876259   0.25169525  0.16064255  0.62429496  1.81064038  2.72728617
 -1.99142156  2.25271611]; convergence = 0.01109405160305642
params = [-0.94209612 -0.60991611 -1.83050304 -1.86959833  0.19861204  0.23845201
  0.3876259   0.25169525  0.16064255  0.62429496  1.81064038  2.72728617
 -1.99142156  2.25271611]; convergence = 0.0110123942342183
params = [-0.94209612 -0.60991611 -1.83050304 -1.86959833  0.19861204  0.23845201
  0.3876259   0.25169525  0.16064255  0.62429496  1.81064038  2.72728617
 -1.99142156  2.25271611]; convergence = 0.010919141999965264
params = [-0.94209612 -0.60991611 -1.83050304 -1.86959833  0.19861204  0.23845201
  0.3876259   0.25169525  0.16064255  0.62429496  1.81064038  2.72728617
 -1.99142156  2.25271611]; convergence = 0.010898546638879094
params = [-0.94209612 -0.60991611 -1.83050304 -1.86959833  0.19861204  0.23845201
  0.3876259   0.25169525  0.16064255  0.62429496  1.81064038  2.72728617
 -1.99142156  2.25271611]; convergence = 0.010804044164663372
params = [-0.94209612 -0.60991611 -1.83050304 -1.86959833  0.19861204  0.23845201
  0.3876259   0.25169525  0.16064255  0.62429496  1.81064038  2.72728617
 -1.99142156  2.25271611]; convergence = 0.010864050207341264
params = [-0.94209612 -0.60991611 -1.83050304 -1.86959833  0.19861204  0.23845201
  0.3876259   0.25169525  0.16064255  0.62429496  1.81064038  2.72728617
 -1.99142156  2.25271611]; convergence = 0.010795101746843998
params = [-0.94209612 -0.60991611 -1.83050304 -1.86959833  0.19861204  0.23845201
  0.3876259   0.25169525  0.16064255  0.62429496  1.81064038  2.72728617
 -1.99142156  2.25271611]; convergence = 0.010740106117104626
params = [-0.94209612 -0.60991611 -1.83050304 -1.86959833  0.19861204  0.23845201
  0.3876259   0.25169525  0.16064255  0.62429496  1.81064038  2.72728617
 -1.99142156  2.25271611]; convergence = 0.010820473236950623
params = [-0.94209612 -0.60991611 -1.83050304 -1.86959833  0.19861204  0.23845201
  0.3876259   0.25169525  0.16064255  0.62429496  1.81064038  2.72728617
 -1.99142156  2.25271611]; convergence = 0.010869393530982912
params = [-0.94209612 -0.60991611 -1.83050304 -1.86959833  0.19861204  0.23845201
  0.3876259   0.25169525  0.16064255  0.62429496  1.81064038  2.72728617
 -1.99142156  2.25271611]; convergence = 0.010854317751008051
params = [-0.94209612 -0.60991611 -1.83050304 -1.86959833  0.19861204  0.23845201
  0.3876259   0.25169525  0.16064255  0.62429496  1.81064038  2.72728617
 -1.99142156  2.25271611]; convergence = 0.010781667233712041
params = [-0.94209612 -0.60991611 -1.83050304 -1.86959833  0.19861204  0.23845201
  0.3876259   0.25169525  0.16064255  0.62429496  1.81064038  2.72728617
 -1.99142156  2.25271611]; convergence = 0.010763109925181171
params = [-0.94209612 -0.60991611 -1.83050304 -1.86959833  0.19861204  0.23845201
  0.3876259   0.25169525  0.16064255  0.62429496  1.81064038  2.72728617
 -1.99142156  2.25271611]; convergence = 0.010709670326224222
params = [-0.94209612 -0.60991611 -1.83050304 -1.86959833  0.19861204  0.23845201
  0.3876259   0.25169525  0.16064255  0.62429496  1.81064038  2.72728617
 -1.99142156  2.25271611]; convergence = 0.010640101086214264
params = [-0.94209612 -0.60991611 -1.83050304 -1.86959833  0.19861204  0.23845201
  0.3876259   0.25169525  0.16064255  0.62429496  1.81064038  2.72728617
 -1.99142156  2.25271611]; convergence = 0.010594123282221193
params = [-0.94209612 -0.60991611 -1.83050304 -1.86959833  0.19861204  0.23845201
  0.3876259   0.25169525  0.16064255  0.62429496  1.81064038  2.72728617
 -1.99142156  2.25271611]; convergence = 0.01053064535821663
params = [-0.94209612 -0.60991611 -1.83050304 -1.86959833  0.19861204  0.23845201
  0.3876259   0.25169525  0.16064255  0.62429496  1.81064038  2.72728617
 -1.99142156  2.25271611]; convergence = 0.010503395134206766
params = [-0.94209612 -0.60991611 -1.83050304 -1.86959833  0.19861204  0.23845201
  0.3876259   0.25169525  0.16064255  0.62429496  1.81064038  2.72728617
 -1.99142156  2.25271611]; convergence = 0.010403991312299597
params = [-0.94209612 -0.60991611 -1.83050304 -1.86959833  0.19861204  0.23845201
  0.3876259   0.25169525  0.16064255  0.62429496  1.81064038  2.72728617
 -1.99142156  2.25271611]; convergence = 0.010283331077704632
params = [-0.94209612 -0.60991611 -1.83050304 -1.86959833  0.19861204  0.23845201
  0.3876259   0.25169525  0.16064255  0.62429496  1.81064038  2.72728617
 -1.99142156  2.25271611]; convergence = 0.01015390261855305
params = [-0.94209612 -0.60991611 -1.83050304 -1.86959833  0.19861204  0.23845201
  0.3876259   0.25169525  0.16064255  0.62429496  1.81064038  2.72728617
 -1.99142156  2.25271611]; convergence = 0.010036280994659396
params = [-0.94209612 -0.60991611 -1.83050304 -1.86959833  0.19861204  0.23845201
  0.3876259   0.25169525  0.16064255  0.62429496  1.81064038  2.72728617
 -1.99142156  2.25271611]; convergence = 0.009836820776046374
params = [-0.94209612 -0.60991611 -1.83050304 -1.86959833  0.19861204  0.23845201
  0.3876259   0.25169525  0.16064255  0.62429496  1.81064038  2.72728617
 -1.99142156  2.25271611]; convergence = 0.009701624141024429
params = [-0.94446406 -0.54692928 -1.55172582 -1.56532573  0.11850464  0.28698917
  0.48018673  0.14982722  0.18285041  0.64192383  1.75345794  1.28501733
 -1.56852236  1.95418607]; convergence = 0.009599539242999796
params = [-0.94446406 -0.54692928 -1.55172582 -1.56532573  0.11850464  0.28698917
  0.48018673  0.14982722  0.18285041  0.64192383  1.75345794  1.28501733
 -1.56852236  1.95418607]; convergence = 0.009590251266747047
params = [-0.94446406 -0.54692928 -1.55172582 -1.56532573  0.11850464  0.28698917
  0.48018673  0.14982722  0.18285041  0.64192383  1.75345794  1.28501733
 -1.56852236  1.95418607]; convergence = 0.009489259192891817
params = [-0.94446406 -0.54692928 -1.55172582 -1.56532573  0.11850464  0.28698917
  0.48018673  0.14982722  0.18285041  0.64192383  1.75345794  1.28501733
 -1.56852236  1.95418607]; convergence = 0.009414363717232081
params = [-0.94446406 -0.54692928 -1.55172582 -1.56532573  0.11850464  0.28698917
  0.48018673  0.14982722  0.18285041  0.64192383  1.75345794  1.28501733
 -1.56852236  1.95418607]; convergence = 0.009514776923972137
params = [-0.94446406 -0.54692928 -1.55172582 -1.56532573  0.11850464  0.28698917
  0.48018673  0.14982722  0.18285041  0.64192383  1.75345794  1.28501733
 -1.56852236  1.95418607]; convergence = 0.009609718740143955
params = [-0.94446406 -0.54692928 -1.55172582 -1.56532573  0.11850464  0.28698917
  0.48018673  0.14982722  0.18285041  0.64192383  1.75345794  1.28501733
 -1.56852236  1.95418607]; convergence = 0.009557562456956712
params = [-0.94446406 -0.54692928 -1.55172582 -1.56532573  0.11850464  0.28698917
  0.48018673  0.14982722  0.18285041  0.64192383  1.75345794  1.28501733
 -1.56852236  1.95418607]; convergence = 0.009590241185830333
params = [-0.94446406 -0.54692928 -1.55172582 -1.56532573  0.11850464  0.28698917
  0.48018673  0.14982722  0.18285041  0.64192383  1.75345794  1.28501733
 -1.56852236  1.95418607]; convergence = 0.009580017121769499
params = [-0.94446406 -0.54692928 -1.55172582 -1.56532573  0.11850464  0.28698917
  0.48018673  0.14982722  0.18285041  0.64192383  1.75345794  1.28501733
 -1.56852236  1.95418607]; convergence = 0.009580017121769499
params = [-0.94446406 -0.54692928 -1.55172582 -1.56532573  0.11850464  0.28698917
  0.48018673  0.14982722  0.18285041  0.64192383  1.75345794  1.28501733
 -1.56852236  1.95418607]; convergence = 0.009565032384985501
params = [-0.94446406 -0.54692928 -1.55172582 -1.56532573  0.11850464  0.28698917
  0.48018673  0.14982722  0.18285041  0.64192383  1.75345794  1.28501733
 -1.56852236  1.95418607]; convergence = 0.009565032384985501
params = [-0.94446406 -0.54692928 -1.55172582 -1.56532573  0.11850464  0.28698917
  0.48018673  0.14982722  0.18285041  0.64192383  1.75345794  1.28501733
 -1.56852236  1.95418607]; convergence = 0.009495597077683387
params = [-0.94446406 -0.54692928 -1.55172582 -1.56532573  0.11850464  0.28698917
  0.48018673  0.14982722  0.18285041  0.64192383  1.75345794  1.28501733
 -1.56852236  1.95418607]; convergence = 0.00947224268632184
params = [-0.94446406 -0.54692928 -1.55172582 -1.56532573  0.11850464  0.28698917
  0.48018673  0.14982722  0.18285041  0.64192383  1.75345794  1.28501733
 -1.56852236  1.95418607]; convergence = 0.009385384879904958
params = [-0.94446406 -0.54692928 -1.55172582 -1.56532573  0.11850464  0.28698917
  0.48018673  0.14982722  0.18285041  0.64192383  1.75345794  1.28501733
 -1.56852236  1.95418607]; convergence = 0.00938331865686532
params = [-0.94446406 -0.54692928 -1.55172582 -1.56532573  0.11850464  0.28698917
  0.48018673  0.14982722  0.18285041  0.64192383  1.75345794  1.28501733
 -1.56852236  1.95418607]; convergence = 0.009487319556720993
params = [-0.94446406 -0.54692928 -1.55172582 -1.56532573  0.11850464  0.28698917
  0.48018673  0.14982722  0.18285041  0.64192383  1.75345794  1.28501733
 -1.56852236  1.95418607]; convergence = 0.00944665408113345
params = [-0.94446406 -0.54692928 -1.55172582 -1.56532573  0.11850464  0.28698917
  0.48018673  0.14982722  0.18285041  0.64192383  1.75345794  1.28501733
 -1.56852236  1.95418607]; convergence = 0.00937876387047653
params = [-0.94446406 -0.54692928 -1.55172582 -1.56532573  0.11850464  0.28698917
  0.48018673  0.14982722  0.18285041  0.64192383  1.75345794  1.28501733
 -1.56852236  1.95418607]; convergence = 0.009540488729659388
params = [-0.94446406 -0.54692928 -1.55172582 -1.56532573  0.11850464  0.28698917
  0.48018673  0.14982722  0.18285041  0.64192383  1.75345794  1.28501733
 -1.56852236  1.95418607]; convergence = 0.009537708428195086
params = [-0.94446406 -0.54692928 -1.55172582 -1.56532573  0.11850464  0.28698917
  0.48018673  0.14982722  0.18285041  0.64192383  1.75345794  1.28501733
 -1.56852236  1.95418607]; convergence = 0.009505972430058456
params = [-0.94446406 -0.54692928 -1.55172582 -1.56532573  0.11850464  0.28698917
  0.48018673  0.14982722  0.18285041  0.64192383  1.75345794  1.28501733
 -1.56852236  1.95418607]; convergence = 0.009443939881533992
params = [-0.94446406 -0.54692928 -1.55172582 -1.56532573  0.11850464  0.28698917
  0.48018673  0.14982722  0.18285041  0.64192383  1.75345794  1.28501733
 -1.56852236  1.95418607]; convergence = 0.009397070475053296
params = [-0.94446406 -0.54692928 -1.55172582 -1.56532573  0.11850464  0.28698917
  0.48018673  0.14982722  0.18285041  0.64192383  1.75345794  1.28501733
 -1.56852236  1.95418607]; convergence = 0.009336303953225824
params = [-0.94446406 -0.54692928 -1.55172582 -1.56532573  0.11850464  0.28698917
  0.48018673  0.14982722  0.18285041  0.64192383  1.75345794  1.28501733
 -1.56852236  1.95418607]; convergence = 0.009326922706205321
params = [-0.94446406 -0.54692928 -1.55172582 -1.56532573  0.11850464  0.28698917
  0.48018673  0.14982722  0.18285041  0.64192383  1.75345794  1.28501733
 -1.56852236  1.95418607]; convergence = 0.009239777507448147
params = [-0.94446406 -0.54692928 -1.55172582 -1.56532573  0.11850464  0.28698917
  0.48018673  0.14982722  0.18285041  0.64192383  1.75345794  1.28501733
 -1.56852236  1.95418607]; convergence = 0.009229438285816417
params = [-0.94446406 -0.54692928 -1.55172582 -1.56532573  0.11850464  0.28698917
  0.48018673  0.14982722  0.18285041  0.64192383  1.75345794  1.28501733
 -1.56852236  1.95418607]; convergence = 0.009110018623610525
params = [-0.94446406 -0.54692928 -1.55172582 -1.56532573  0.11850464  0.28698917
  0.48018673  0.14982722  0.18285041  0.64192383  1.75345794  1.28501733
 -1.56852236  1.95418607]; convergence = 0.009190412564928528
params = [-0.94446406 -0.54692928 -1.55172582 -1.56532573  0.11850464  0.28698917
  0.48018673  0.14982722  0.18285041  0.64192383  1.75345794  1.28501733
 -1.56852236  1.95418607]; convergence = 0.00934172559771756
params = [-0.94446406 -0.54692928 -1.55172582 -1.56532573  0.11850464  0.28698917
  0.48018673  0.14982722  0.18285041  0.64192383  1.75345794  1.28501733
 -1.56852236  1.95418607]; convergence = 0.009289551574449084
params = [-0.94446406 -0.54692928 -1.55172582 -1.56532573  0.11850464  0.28698917
  0.48018673  0.14982722  0.18285041  0.64192383  1.75345794  1.28501733
 -1.56852236  1.95418607]; convergence = 0.009279392428047784
params = [-0.94446406 -0.54692928 -1.55172582 -1.56532573  0.11850464  0.28698917
  0.48018673  0.14982722  0.18285041  0.64192383  1.75345794  1.28501733
 -1.56852236  1.95418607]; convergence = 0.009284715745260106
params = [-0.94446406 -0.54692928 -1.55172582 -1.56532573  0.11850464  0.28698917
  0.48018673  0.14982722  0.18285041  0.64192383  1.75345794  1.28501733
 -1.56852236  1.95418607]; convergence = 0.009479365835221893
params = [-0.94446406 -0.54692928 -1.55172582 -1.56532573  0.11850464  0.28698917
  0.48018673  0.14982722  0.18285041  0.64192383  1.75345794  1.28501733
 -1.56852236  1.95418607]; convergence = 0.009416868405142687
params = [-0.94446406 -0.54692928 -1.55172582 -1.56532573  0.11850464  0.28698917
  0.48018673  0.14982722  0.18285041  0.64192383  1.75345794  1.28501733
 -1.56852236  1.95418607]; convergence = 0.009654865534998083
params = [-0.94446406 -0.54692928 -1.55172582 -1.56532573  0.11850464  0.28698917
  0.48018673  0.14982722  0.18285041  0.64192383  1.75345794  1.28501733
 -1.56852236  1.95418607]; convergence = 0.009654494231532496
params = [-0.94446406 -0.54692928 -1.55172582 -1.56532573  0.11850464  0.28698917
  0.48018673  0.14982722  0.18285041  0.64192383  1.75345794  1.28501733
 -1.56852236  1.95418607]; convergence = 0.009654494231532496
params = [-0.94446406 -0.54692928 -1.55172582 -1.56532573  0.11850464  0.28698917
  0.48018673  0.14982722  0.18285041  0.64192383  1.75345794  1.28501733
 -1.56852236  1.95418607]; convergence = 0.009632031666121416
params = [-0.94446406 -0.54692928 -1.55172582 -1.56532573  0.11850464  0.28698917
  0.48018673  0.14982722  0.18285041  0.64192383  1.75345794  1.28501733
 -1.56852236  1.95418607]; convergence = 0.009588147179853191
params = [-0.94446406 -0.54692928 -1.55172582 -1.56532573  0.11850464  0.28698917
  0.48018673  0.14982722  0.18285041  0.64192383  1.75345794  1.28501733
 -1.56852236  1.95418607]; convergence = 0.009600387391619666
params = [-0.94446406 -0.54692928 -1.55172582 -1.56532573  0.11850464  0.28698917
  0.48018673  0.14982722  0.18285041  0.64192383  1.75345794  1.28501733
 -1.56852236  1.95418607]; convergence = 0.009600387391619666
params = [-0.94446406 -0.54692928 -1.55172582 -1.56532573  0.11850464  0.28698917
  0.48018673  0.14982722  0.18285041  0.64192383  1.75345794  1.28501733
 -1.56852236  1.95418607]; convergence = 0.009560015013011326
params = [-0.94446406 -0.54692928 -1.55172582 -1.56532573  0.11850464  0.28698917
  0.48018673  0.14982722  0.18285041  0.64192383  1.75345794  1.28501733
 -1.56852236  1.95418607]; convergence = 0.009560015013011326
params = [-0.94446406 -0.54692928 -1.55172582 -1.56532573  0.11850464  0.28698917
  0.48018673  0.14982722  0.18285041  0.64192383  1.75345794  1.28501733
 -1.56852236  1.95418607]; convergence = 0.0095482676272827
params = [-0.94446406 -0.54692928 -1.55172582 -1.56532573  0.11850464  0.28698917
  0.48018673  0.14982722  0.18285041  0.64192383  1.75345794  1.28501733
 -1.56852236  1.95418607]; convergence = 0.009530254447621837
params = [-0.94446406 -0.54692928 -1.55172582 -1.56532573  0.11850464  0.28698917
  0.48018673  0.14982722  0.18285041  0.64192383  1.75345794  1.28501733
 -1.56852236  1.95418607]; convergence = 0.01015937882860523
params = [-0.94446406 -0.54692928 -1.55172582 -1.56532573  0.11850464  0.28698917
  0.48018673  0.14982722  0.18285041  0.64192383  1.75345794  1.28501733
 -1.56852236  1.95418607]; convergence = 0.010154739106665134
params = [-0.94446406 -0.54692928 -1.55172582 -1.56532573  0.11850464  0.28698917
  0.48018673  0.14982722  0.18285041  0.64192383  1.75345794  1.28501733
 -1.56852236  1.95418607]; convergence = 0.010153747084654014
params = [-0.94446406 -0.54692928 -1.55172582 -1.56532573  0.11850464  0.28698917
  0.48018673  0.14982722  0.18285041  0.64192383  1.75345794  1.28501733
 -1.56852236  1.95418607]; convergence = 0.010098811114323907
params = [-0.94446406 -0.54692928 -1.55172582 -1.56532573  0.11850464  0.28698917
  0.48018673  0.14982722  0.18285041  0.64192383  1.75345794  1.28501733
 -1.56852236  1.95418607]; convergence = 0.010098623326871092
params = [-0.94446406 -0.54692928 -1.55172582 -1.56532573  0.11850464  0.28698917
  0.48018673  0.14982722  0.18285041  0.64192383  1.75345794  1.28501733
 -1.56852236  1.95418607]; convergence = 0.009985116624798318
params = [-0.94446406 -0.54692928 -1.55172582 -1.56532573  0.11850464  0.28698917
  0.48018673  0.14982722  0.18285041  0.64192383  1.75345794  1.28501733
 -1.56852236  1.95418607]; convergence = 0.009931493877498192
params = [-0.94446406 -0.54692928 -1.55172582 -1.56532573  0.11850464  0.28698917
  0.48018673  0.14982722  0.18285041  0.64192383  1.75345794  1.28501733
 -1.56852236  1.95418607]; convergence = 0.009908780266703226
params = [-0.94446406 -0.54692928 -1.55172582 -1.56532573  0.11850464  0.28698917
  0.48018673  0.14982722  0.18285041  0.64192383  1.75345794  1.28501733
 -1.56852236  1.95418607]; convergence = 0.009767782375270392
params = [-0.94446406 -0.54692928 -1.55172582 -1.56532573  0.11850464  0.28698917
  0.48018673  0.14982722  0.18285041  0.64192383  1.75345794  1.28501733
 -1.56852236  1.95418607]; convergence = 0.009736844602907904
params = [-0.94446406 -0.54692928 -1.55172582 -1.56532573  0.11850464  0.28698917
  0.48018673  0.14982722  0.18285041  0.64192383  1.75345794  1.28501733
 -1.56852236  1.95418607]; convergence = 0.00968156569116059
params = [-0.94446406 -0.54692928 -1.55172582 -1.56532573  0.11850464  0.28698917
  0.48018673  0.14982722  0.18285041  0.64192383  1.75345794  1.28501733
 -1.56852236  1.95418607]; convergence = 0.009630819380943264
params = [-0.94446406 -0.54692928 -1.55172582 -1.56532573  0.11850464  0.28698917
  0.48018673  0.14982722  0.18285041  0.64192383  1.75345794  1.28501733
 -1.56852236  1.95418607]; convergence = 0.009630819380943264
params = [-0.94446406 -0.54692928 -1.55172582 -1.56532573  0.11850464  0.28698917
  0.48018673  0.14982722  0.18285041  0.64192383  1.75345794  1.28501733
 -1.56852236  1.95418607]; convergence = 0.009624447437584433
params = [-0.94446406 -0.54692928 -1.55172582 -1.56532573  0.11850464  0.28698917
  0.48018673  0.14982722  0.18285041  0.64192383  1.75345794  1.28501733
 -1.56852236  1.95418607]; convergence = 0.009613792551979547
params = [-0.94446406 -0.54692928 -1.55172582 -1.56532573  0.11850464  0.28698917
  0.48018673  0.14982722  0.18285041  0.64192383  1.75345794  1.28501733
 -1.56852236  1.95418607]; convergence = 0.009616645027033634
params = [-0.94446406 -0.54692928 -1.55172582 -1.56532573  0.11850464  0.28698917
  0.48018673  0.14982722  0.18285041  0.64192383  1.75345794  1.28501733
 -1.56852236  1.95418607]; convergence = 0.009617329148217679
params = [-0.94446406 -0.54692928 -1.55172582 -1.56532573  0.11850464  0.28698917
  0.48018673  0.14982722  0.18285041  0.64192383  1.75345794  1.28501733
 -1.56852236  1.95418607]; convergence = 0.009538958937739744
params = [-0.94446406 -0.54692928 -1.55172582 -1.56532573  0.11850464  0.28698917
  0.48018673  0.14982722  0.18285041  0.64192383  1.75345794  1.28501733
 -1.56852236  1.95418607]; convergence = 0.009494063083008056
params = [-0.94446406 -0.54692928 -1.55172582 -1.56532573  0.11850464  0.28698917
  0.48018673  0.14982722  0.18285041  0.64192383  1.75345794  1.28501733
 -1.56852236  1.95418607]; convergence = 0.009410982908483596
params = [-0.94446406 -0.54692928 -1.55172582 -1.56532573  0.11850464  0.28698917
  0.48018673  0.14982722  0.18285041  0.64192383  1.75345794  1.28501733
 -1.56852236  1.95418607]; convergence = 0.009368383527227983
params = [38.20107157  3.70866354]; convergence = 0.027106401069517685
params = [38.20107157  3.70866354]; convergence = 0.02124988160697081
params = [34.45583122  3.17358153]; convergence = 0.016439074800481374
params = [34.45583122  3.17358153]; convergence = 0.016488974177780835
params = [34.45583122  3.17358153]; convergence = 0.016519707293346494
params = [34.45583122  3.17358153]; convergence = 0.015337401291705317
params = [34.45583122  3.17358153]; convergence = 0.013867419972365935
params = [34.45583122  3.17358153]; convergence = 0.010685207174919688
params = [34.45583122  3.17358153]; convergence = 0.00949337392318482
params = [34.45583122  3.17358153]; convergence = 0.00869388776244041
params = [34.45583122  3.17358153]; convergence = 0.007090731225813839
params = [34.45583122  3.17358153]; convergence = 0.007090731225813839
params = [34.45583122  3.17358153]; convergence = 0.006337858863472052
params = [34.45963303  3.30402514]; convergence = 0.005257408400772602
params = [34.45963303  3.30402514]; convergence = 0.005022770480660562
params = [37.15636043  3.66952487]; convergence = 0.004728165481994697
params = [37.15636043  3.66952487]; convergence = 0.003131263775592542
params = [37.15636043  3.66952487]; convergence = 0.0028584204460875653
params = [37.15636043  3.66952487]; convergence = 0.002057118744204887
params = [37.15636043  3.66952487]; convergence = 0.001698140969449404
params = [37.15636043  3.66952487]; convergence = 0.001698140969449404
params = [37.15636043  3.66952487]; convergence = 0.001343556650903886
params = [36.44681611  2.18896362]; convergence = 0.006290325263373809
params = [36.44681611  2.18896362]; convergence = 0.0073355002893620985
params = [36.44681611  2.18896362]; convergence = 0.007659588955032483
params = [36.44681611  2.18896362]; convergence = 0.007659588955032483
params = [33.70535109  2.0820582 ]; convergence = 0.007941425690275566
params = [33.70535109  2.0820582 ]; convergence = 0.008666738860388911
params = [33.70535109  2.0820582 ]; convergence = 0.009141807428755663
params = [33.70727453  2.14805337]; convergence = 0.012633025638740022
params = [33.70727453  2.14805337]; convergence = 0.012625400449478809
params = [33.70727453  2.14805337]; convergence = 0.013259910751982148
params = [33.70727453  2.14805337]; convergence = 0.013262566560160262
params = [33.70727453  2.14805337]; convergence = 0.013262566560160262
params = [33.70727453  2.14805337]; convergence = 0.013262566560160262
params = [33.70727453  2.14805337]; convergence = 0.01326292286159118
params = [33.70727453  2.14805337]; convergence = 0.01326292286159118
params = [33.70727453  2.14805337]; convergence = 0.013428642660093342
params = [33.70727453  2.14805337]; convergence = 0.013428642660093342
params = [33.70727453  2.14805337]; convergence = 0.013494469811501028
params = [33.70727453  2.14805337]; convergence = 0.013494469811501028
params = [33.70727453  2.14805337]; convergence = 0.018626534968221666
params = [33.70727453  2.14805337]; convergence = 0.018819876518936646
params = [33.70727453  2.14805337]; convergence = 0.01882682373699316
params = [33.70727453  2.14805337]; convergence = 0.019902066479368038
params = [33.70727453  2.14805337]; convergence = 0.019902066479368038
params = [33.70727453  2.14805337]; convergence = 0.020220548942125237
params = [33.70727453  2.14805337]; convergence = 0.02156594258133604
params = [33.70727453  2.14805337]; convergence = 0.02410229515718226
params = [33.70727453  2.14805337]; convergence = 0.024154458593442393
params = [33.70727453  2.14805337]; convergence = 0.024153634768764313
params = [33.70727453  2.14805337]; convergence = 0.024153634768764313
params = [33.70727453  2.14805337]; convergence = 0.024153634768764313
params = [33.70727453  2.14805337]; convergence = 0.024153634768764313
params = [33.70727453  2.14805337]; convergence = 0.024153634768764313
params = [33.70727453  2.14805337]; convergence = 0.02508758863528003
params = [33.70727453  2.14805337]; convergence = 0.02595500358895441
params = [33.70727453  2.14805337]; convergence = 0.026108378063625252
params = [33.70727453  2.14805337]; convergence = 0.026108378063625252
params = [33.70727453  2.14805337]; convergence = 0.026108378063625252
params = [33.70727453  2.14805337]; convergence = 0.03989768606147073
params = [33.70727453  2.14805337]; convergence = 0.03989768606147073
params = [33.70727453  2.14805337]; convergence = 0.040946318491237005
params = [33.70727453  2.14805337]; convergence = 0.04136003157192249
params = [33.70727453  2.14805337]; convergence = 0.04261325054253155
params = [33.70727453  2.14805337]; convergence = 0.04261325054253155
params = [33.70727453  2.14805337]; convergence = 0.04261325054253155
params = [33.70727453  2.14805337]; convergence = 0.04261325054253155
params = [33.70727453  2.14805337]; convergence = 0.04261325054253155
params = [33.70727453  2.14805337]; convergence = 0.04261325054253155
params = [33.70727453  2.14805337]; convergence = 0.04261325054253155
params = [33.70727453  2.14805337]; convergence = 0.04261325054253155
params = [33.70727453  2.14805337]; convergence = 0.04266194707213124
params = [33.70727453  2.14805337]; convergence = 0.04330658615059641
params = [33.70727453  2.14805337]; convergence = 0.04330658615059641
params = [33.70727453  2.14805337]; convergence = 0.04526516611671568
params = [33.70727453  2.14805337]; convergence = 0.04541702319803668
params = [37.28859632  2.18823656]; convergence = 0.04342559915148926
params = [37.28859632  2.18823656]; convergence = 0.04608384588517938
params = [37.28859632  2.18823656]; convergence = 0.04608384588517938
params = [37.28859632  2.18823656]; convergence = 0.04608384588517938
params = [37.28859632  2.18823656]; convergence = 0.04521987208078499
params = [37.28859632  2.18823656]; convergence = 0.04538139272299393
params = [37.28859632  2.18823656]; convergence = 0.04538139272299393
params = [37.28859632  2.18823656]; convergence = 0.045450585554306276
params = [37.28859632  2.18823656]; convergence = 0.04432267247433157
params = [37.28859632  2.18823656]; convergence = 0.04500060852880062
params = [37.28859632  2.18823656]; convergence = 0.04422656518896204
params = [36.5335856   2.23219068]; convergence = 0.04224519483969779
params = [36.5335856   2.23219068]; convergence = 0.04215031674484594
params = [36.5335856   2.23219068]; convergence = 0.04269147625719055
params = [36.5335856   2.23219068]; convergence = 0.04269147625719055
params = [36.5335856   2.23219068]; convergence = 0.04226083700847072
params = [36.5335856   2.23219068]; convergence = 0.04139389530868434
params = [36.5335856   2.23219068]; convergence = 0.04139389530868434
params = [36.5335856   2.23219068]; convergence = 0.04139389530868434
params = [36.5335856   2.23219068]; convergence = 0.04124042554766791
params = [36.5335856   2.23219068]; convergence = 0.04124042554766791
params = [36.5335856   2.23219068]; convergence = 0.04124042554766791
params = [36.5335856   2.23219068]; convergence = 0.041349775948928136
params = [36.5335856   2.23219068]; convergence = 0.05209434696848956
params = [36.5335856   2.23219068]; convergence = 0.05209434696848956
params = [36.5335856   2.23219068]; convergence = 0.05209434696848956
params = [36.5335856   2.23219068]; convergence = 0.05373592412512496
params = [36.5335856   2.23219068]; convergence = 0.05373592412512496
params = [36.5335856   2.23219068]; convergence = 0.05373592412512496
params = [36.5335856   2.23219068]; convergence = 0.05459166378664138
params = [36.5335856   2.23219068]; convergence = 0.05459166378664138
params = [36.5335856   2.23219068]; convergence = 0.05459166378664138
params = [36.5335856   2.23219068]; convergence = 0.05459166378664138
params = [36.5335856   2.23219068]; convergence = 0.05837759683682418
params = [36.5335856   2.23219068]; convergence = 0.05837759683682418
params = [36.5335856   2.23219068]; convergence = 0.05837759683682418
params = [36.5335856   2.23219068]; convergence = 0.06039407467577508
params = [36.5335856   2.23219068]; convergence = 0.06039407467577508
params = [36.5335856   2.23219068]; convergence = 0.06039407467577508
params = [36.5335856   2.23219068]; convergence = 0.06039407467577508
params = [36.5335856   2.23219068]; convergence = 0.06042396808019908
params = [36.5335856   2.23219068]; convergence = 0.06035359958731812
params = [36.5335856   2.23219068]; convergence = 0.06035359958731812
params = [36.5335856   2.23219068]; convergence = 0.06110872458411631
params = [38.72367091  0.96185765  0.19107554  0.64834897  3.30391761]; convergence = 0.022317738312488296
params = [38.72367091  0.96185765  0.19107554  0.64834897  3.30391761]; convergence = 0.01978655351319585
params = [38.72367091  0.96185765  0.19107554  0.64834897  3.30391761]; convergence = 0.016235171162579946
params = [38.72367091  0.96185765  0.19107554  0.64834897  3.30391761]; convergence = 0.01518650373529712
params = [38.72367091  0.96185765  0.19107554  0.64834897  3.30391761]; convergence = 0.014392034310722944
params = [38.72367091  0.96185765  0.19107554  0.64834897  3.30391761]; convergence = 0.01279714417457327
params = [35.55708205  1.10822264  0.07123905  0.57747402  3.53415613]; convergence = 0.011614220729768377
params = [35.55708205  1.10822264  0.07123905  0.57747402  3.53415613]; convergence = 0.01126866939554488
params = [29.60921745  1.27486804  0.12507782  0.63463646  2.48301061]; convergence = 0.011082002492075702
params = [29.60921745  1.27486804  0.12507782  0.63463646  2.48301061]; convergence = 0.01011994922135341
params = [29.60921745  1.27486804  0.12507782  0.63463646  2.48301061]; convergence = 0.009644945675308852
params = [29.60921745  1.27486804  0.12507782  0.63463646  2.48301061]; convergence = 0.008710850585742494
params = [29.60921745  1.27486804  0.12507782  0.63463646  2.48301061]; convergence = 0.008321365698400513
params = [29.60921745  1.27486804  0.12507782  0.63463646  2.48301061]; convergence = 0.008221550955139727
params = [29.60921745  1.27486804  0.12507782  0.63463646  2.48301061]; convergence = 0.007624961913847378
params = [29.60921745  1.27486804  0.12507782  0.63463646  2.48301061]; convergence = 0.007624874834909003
params = [29.60921745  1.27486804  0.12507782  0.63463646  2.48301061]; convergence = 0.007213431098878578
params = [29.60921745  1.27486804  0.12507782  0.63463646  2.48301061]; convergence = 0.006971140008354843
params = [29.60921745  1.27486804  0.12507782  0.63463646  2.48301061]; convergence = 0.006613551722866216
params = [29.60921745  1.27486804  0.12507782  0.63463646  2.48301061]; convergence = 0.006538973781222797
params = [29.60921745  1.27486804  0.12507782  0.63463646  2.48301061]; convergence = 0.006276886533946698
params = [29.60921745  1.27486804  0.12507782  0.63463646  2.48301061]; convergence = 0.005704716073082031
params = [39.3047127   1.17269974  0.11917262  0.52622396  3.06158049]; convergence = 0.005607613503760152
params = [39.3047127   1.17269974  0.11917262  0.52622396  3.06158049]; convergence = 0.00541705931313672
params = [39.3047127   1.17269974  0.11917262  0.52622396  3.06158049]; convergence = 0.005196880402228117
params = [39.3047127   1.17269974  0.11917262  0.52622396  3.06158049]; convergence = 0.005029143929868882
params = [39.3047127   1.17269974  0.11917262  0.52622396  3.06158049]; convergence = 0.004896552316660041
params = [39.3047127   1.17269974  0.11917262  0.52622396  3.06158049]; convergence = 0.004803702161238828
params = [39.3047127   1.17269974  0.11917262  0.52622396  3.06158049]; convergence = 0.004772912855506155
params = [39.3047127   1.17269974  0.11917262  0.52622396  3.06158049]; convergence = 0.004772912855506155
params = [39.38101982  1.09796793  0.11534881  0.77653714  3.20612437]; convergence = 0.004392942663101214
params = [39.38101982  1.09796793  0.11534881  0.77653714  3.20612437]; convergence = 0.004119461313301967
params = [39.38101982  1.09796793  0.11534881  0.77653714  3.20612437]; convergence = 0.0037167888177961897
params = [39.38101982  1.09796793  0.11534881  0.77653714  3.20612437]; convergence = 0.0034872496535485334
params = [37.66449239  0.83484603  0.11991495  0.82663926  2.58667833]; convergence = 0.0032660011208742656
params = [37.66449239  0.83484603  0.11991495  0.82663926  2.58667833]; convergence = 0.003266021439129245
params = [37.66449239  0.83484603  0.11991495  0.82663926  2.58667833]; convergence = 0.00308100543787556
params = [37.66449239  0.83484603  0.11991495  0.82663926  2.58667833]; convergence = 0.0029960698057434677
params = [37.66449239  0.83484603  0.11991495  0.82663926  2.58667833]; convergence = 0.0026810091064522405
params = [37.66449239  0.83484603  0.11991495  0.82663926  2.58667833]; convergence = 0.002497131302405891
params = [37.66449239  0.83484603  0.11991495  0.82663926  2.58667833]; convergence = 0.002497131302405891
params = [37.66449239  0.83484603  0.11991495  0.82663926  2.58667833]; convergence = 0.00247055270826671
params = [37.66449239  0.83484603  0.11991495  0.82663926  2.58667833]; convergence = 0.002437418975819741
params = [37.66449239  0.83484603  0.11991495  0.82663926  2.58667833]; convergence = 0.0024317571289930603
params = [37.66449239  0.83484603  0.11991495  0.82663926  2.58667833]; convergence = 0.0024049094330105317
params = [37.66449239  0.83484603  0.11991495  0.82663926  2.58667833]; convergence = 0.0022180572381176747
params = [37.66449239  0.83484603  0.11991495  0.82663926  2.58667833]; convergence = 0.0022028603991010335
params = [37.66449239  0.83484603  0.11991495  0.82663926  2.58667833]; convergence = 0.0021208005247105484
params = [37.66449239  0.83484603  0.11991495  0.82663926  2.58667833]; convergence = 0.0017385133202519308
params = [37.66449239  0.83484603  0.11991495  0.82663926  2.58667833]; convergence = 0.0017385133202519308
params = [37.66449239  0.83484603  0.11991495  0.82663926  2.58667833]; convergence = 0.0017135237273680438
params = [37.66449239  0.83484603  0.11991495  0.82663926  2.58667833]; convergence = 0.0010907333866894812
params = [37.66449239  0.83484603  0.11991495  0.82663926  2.58667833]; convergence = 0.00043656494134934864
params = [37.66449239  0.83484603  0.11991495  0.82663926  2.58667833]; convergence = 0.0002611833518185651
params = [37.66449239  0.83484603  0.11991495  0.82663926  2.58667833]; convergence = 0.00025393159841887206
params = [37.66449239  0.83484603  0.11991495  0.82663926  2.58667833]; convergence = 0.00025393159841887206
params = [37.66449239  0.83484603  0.11991495  0.82663926  2.58667833]; convergence = 0.00023832833304462527
params = [37.66449239  0.83484603  0.11991495  0.82663926  2.58667833]; convergence = 0.00023340277109003637
params = [37.66449239  0.83484603  0.11991495  0.82663926  2.58667833]; convergence = 0.00016734012602537683
params = [37.66449239  0.83484603  0.11991495  0.82663926  2.58667833]; convergence = 5.372070257621572e-05
params = [37.66449239  0.83484603  0.11991495  0.82663926  2.58667833]; convergence = 0.0001588296116064249
params = [37.66449239  0.83484603  0.11991495  0.82663926  2.58667833]; convergence = 0.0003844107596975118
params = [-0.1317005   0.76049046 -0.19330777  0.05666789  1.34308943  0.12920223
 -0.24332682  0.2166895   0.64679905  1.88335474]; convergence = 0.010426132705031455
params = [-0.1317005   0.76049046 -0.19330777  0.05666789  1.34308943  0.12920223
 -0.24332682  0.2166895   0.64679905  1.88335474]; convergence = 0.008377656174895477
params = [-0.1317005   0.76049046 -0.19330777  0.05666789  1.34308943  0.12920223
 -0.24332682  0.2166895   0.64679905  1.88335474]; convergence = 0.006810851255212134
params = [-0.1317005   0.76049046 -0.19330777  0.05666789  1.34308943  0.12920223
 -0.24332682  0.2166895   0.64679905  1.88335474]; convergence = 0.005622940800866715
params = [-0.1317005   0.76049046 -0.19330777  0.05666789  1.34308943  0.12920223
 -0.24332682  0.2166895   0.64679905  1.88335474]; convergence = 0.005067440058141939
params = [ 0.44924203  0.72794723 -0.49852452 -0.35494599  0.0859324  -0.19954048
 -0.44971128  0.21221948  0.84354148  1.86184146]; convergence = 0.004184217536646753
params = [ 0.44924203  0.72794723 -0.49852452 -0.35494599  0.0859324  -0.19954048
 -0.44971128  0.21221948  0.84354148  1.86184146]; convergence = 0.003504652570987887
params = [ 0.44924203  0.72794723 -0.49852452 -0.35494599  0.0859324  -0.19954048
 -0.44971128  0.21221948  0.84354148  1.86184146]; convergence = 0.00287425405328185
params = [ 0.44924203  0.72794723 -0.49852452 -0.35494599  0.0859324  -0.19954048
 -0.44971128  0.21221948  0.84354148  1.86184146]; convergence = 0.0025086145375307826
params = [ 0.44924203  0.72794723 -0.49852452 -0.35494599  0.0859324  -0.19954048
 -0.44971128  0.21221948  0.84354148  1.86184146]; convergence = 0.0018520494825440598
params = [ 0.44924203  0.72794723 -0.49852452 -0.35494599  0.0859324  -0.19954048
 -0.44971128  0.21221948  0.84354148  1.86184146]; convergence = 0.0014413408204980598
params = [ 0.44924203  0.72794723 -0.49852452 -0.35494599  0.0859324  -0.19954048
 -0.44971128  0.21221948  0.84354148  1.86184146]; convergence = 0.0010120643314840427
params = [ 0.44924203  0.72794723 -0.49852452 -0.35494599  0.0859324  -0.19954048
 -0.44971128  0.21221948  0.84354148  1.86184146]; convergence = 0.0007679093915662021
params = [ 0.44924203  0.72794723 -0.49852452 -0.35494599  0.0859324  -0.19954048
 -0.44971128  0.21221948  0.84354148  1.86184146]; convergence = 0.00045738889895687913
params = [ 0.44924203  0.72794723 -0.49852452 -0.35494599  0.0859324  -0.19954048
 -0.44971128  0.21221948  0.84354148  1.86184146]; convergence = 0.00015960065485774117
params = [ 0.44924203  0.72794723 -0.49852452 -0.35494599  0.0859324  -0.19954048
 -0.44971128  0.21221948  0.84354148  1.86184146]; convergence = 0.00023455157703746382
params = [ 0.44924203  0.72794723 -0.49852452 -0.35494599  0.0859324  -0.19954048
 -0.44971128  0.21221948  0.84354148  1.86184146]; convergence = 0.0005230635008070188
params = [ 0.44924203  0.72794723 -0.49852452 -0.35494599  0.0859324  -0.19954048
 -0.44971128  0.21221948  0.84354148  1.86184146]; convergence = 0.0012289408120786977
params = [ 0.44924203  0.72794723 -0.49852452 -0.35494599  0.0859324  -0.19954048
 -0.44971128  0.21221948  0.84354148  1.86184146]; convergence = 0.0015246883827119847
params = [ 0.44924203  0.72794723 -0.49852452 -0.35494599  0.0859324  -0.19954048
 -0.44971128  0.21221948  0.84354148  1.86184146]; convergence = 0.0019422032766732201
params = [ 0.44924203  0.72794723 -0.49852452 -0.35494599  0.0859324  -0.19954048
 -0.44971128  0.21221948  0.84354148  1.86184146]; convergence = 0.0049373302590166234
params = [ 0.44924203  0.72794723 -0.49852452 -0.35494599  0.0859324  -0.19954048
 -0.44971128  0.21221948  0.84354148  1.86184146]; convergence = 0.005486116557346336
params = [ 0.44924203  0.72794723 -0.49852452 -0.35494599  0.0859324  -0.19954048
 -0.44971128  0.21221948  0.84354148  1.86184146]; convergence = 0.006261402835722119
params = [ 0.44924203  0.72794723 -0.49852452 -0.35494599  0.0859324  -0.19954048
 -0.44971128  0.21221948  0.84354148  1.86184146]; convergence = 0.006645449129374118
params = [ 0.44924203  0.72794723 -0.49852452 -0.35494599  0.0859324  -0.19954048
 -0.44971128  0.21221948  0.84354148  1.86184146]; convergence = 0.006943527213152243
params = [ 0.44924203  0.72794723 -0.49852452 -0.35494599  0.0859324  -0.19954048
 -0.44971128  0.21221948  0.84354148  1.86184146]; convergence = 0.007161422460011546
params = [ 0.44924203  0.72794723 -0.49852452 -0.35494599  0.0859324  -0.19954048
 -0.44971128  0.21221948  0.84354148  1.86184146]; convergence = 0.0074820891523020945
params = [ 0.44924203  0.72794723 -0.49852452 -0.35494599  0.0859324  -0.19954048
 -0.44971128  0.21221948  0.84354148  1.86184146]; convergence = 0.007738109038391023
params = [ 0.44924203  0.72794723 -0.49852452 -0.35494599  0.0859324  -0.19954048
 -0.44971128  0.21221948  0.84354148  1.86184146]; convergence = 0.007846537432557263
params = [ 0.44924203  0.72794723 -0.49852452 -0.35494599  0.0859324  -0.19954048
 -0.44971128  0.21221948  0.84354148  1.86184146]; convergence = 0.008686020736145125
params = [ 0.44924203  0.72794723 -0.49852452 -0.35494599  0.0859324  -0.19954048
 -0.44971128  0.21221948  0.84354148  1.86184146]; convergence = 0.0088437065378154
params = [ 0.44924203  0.72794723 -0.49852452 -0.35494599  0.0859324  -0.19954048
 -0.44971128  0.21221948  0.84354148  1.86184146]; convergence = 0.009155236880461657
